This is pdfTeX, Version 3.14159265-2.6-1.40.18 (TeX Live 2017) (preloaded format=pdflatex 2017.5.23)  7 FEB 2018 15:32
entering extended mode
 restricted \write18 enabled.
 file:line:error style messages enabled.
 %&-line parsing enabled.
**deedy-resume.cls
(./deedy-resume.cls
LaTeX2e <2017-04-15>
Babel <3.10> and hyphenation patterns for 84 language(s) loaded.

LaTeX Warning: You have requested package `',
               but the package provides `deedy-resume'.

Package: deedy-resume 2014/04/30 CV class
(/usr/local/texlive/2017/texmf-dist/tex/latex/base/article.cls
Document Class: article 2014/09/29 v1.4h Standard LaTeX document class
(/usr/local/texlive/2017/texmf-dist/tex/latex/base/size10.clo
File: size10.clo 2014/09/29 v1.4h Standard LaTeX file (size option)
)
\c@part=\count79
\c@section=\count80
\c@subsection=\count81
\c@subsubsection=\count82
\c@paragraph=\count83
\c@subparagraph=\count84
\c@figure=\count85
\c@table=\count86
\abovecaptionskip=\skip41
\belowcaptionskip=\skip42
\bibindent=\dimen102
)

./deedy-resume.cls:11: LaTeX Error: \usepackage before \documentclass.

See the LaTeX manual or LaTeX Companion for explanation.
Type  H <return>  for immediate help.
 ...                                              
                                                  
l.11 \usepackage[hmargin=1.25cm, vmargin=0.75cm]{
                                                 geometry} % Specifies horiz...

? 
./deedy-resume.cls:11: Emergency stop.
 ...                                              
                                                  
l.11 \usepackage[hmargin=1.25cm, vmargin=0.75cm]{
                                                 geometry} % Specifies horiz...

\usepackage may only appear in the document preamble, i.e.,
between \documentclass and \begin{document}.

 
Here is how much of TeX's memory you used:
 199 strings out of 492995
 2277 string characters out of 6132704
 54074 words of memory out of 5000000
 3843 multiletter control sequences out of 15000+600000
 3640 words of font info for 14 fonts, out of 8000000 for 9000
 1141 hyphenation exceptions out of 8191
 23i,0n,17p,121b,36s stack positions out of 5000i,500n,10000p,200000b,80000s
./deedy-resume.cls:11:  ==> Fatal error occurred, no output PDF file produced!
