This is pdfTeX, Version 3.14159265-2.6-1.40.20 (TeX Live 2019) (preloaded format=pdflatex 2019.5.8)  7 DEC 2019 08:21
entering extended mode
 restricted \write18 enabled.
 file:line:error style messages enabled.
 %&-line parsing enabled.
**resume.cls
(./resume.cls
LaTeX2e <2018-12-01>

LaTeX Warning: You have requested package `',
               but the package provides `resume'.

Package: resume 
(/usr/local/texlive/2019/texmf-dist/tex/latex/koma-script/scrlttr2.cls
Document Class: scrlttr2 2019/02/01 v3.26b KOMA-Script document class (letter)
(/usr/local/texlive/2019/texmf-dist/tex/latex/koma-script/scrkbase.sty
Package: scrkbase 2019/02/01 v3.26b KOMA-Script package (KOMA-Script-dependent 
basics and keyval usage)

(/usr/local/texlive/2019/texmf-dist/tex/latex/koma-script/scrbase.sty
Package: scrbase 2019/02/01 v3.26b KOMA-Script package (KOMA-Script-independent
 basics and keyval usage)

(/usr/local/texlive/2019/texmf-dist/tex/latex/graphics/keyval.sty
Package: keyval 2014/10/28 v1.15 key=value parser (DPC)
\KV@toks@=\toks14
)
(/usr/local/texlive/2019/texmf-dist/tex/latex/koma-script/scrlfile.sty
Package: scrlfile 2019/02/01 v3.26b KOMA-Script package (loading files)
)))
Class scrlttr2 Info: File `scrsize10pt.clo' used to setup font sizes on input l
ine 1838.

(/usr/local/texlive/2019/texmf-dist/tex/latex/koma-script/scrsize10pt.clo
File: scrsize10pt.clo 2019/02/01 v3.26b KOMA-Script font size class option (10p
t)
)
(/usr/local/texlive/2019/texmf-dist/tex/latex/koma-script/typearea.sty
Package: typearea 2019/02/01 v3.26b KOMA-Script package (type area)
\ta@bcor=\skip41
\ta@div=\count80
\ta@hblk=\skip42
\ta@vblk=\skip43
\ta@temp=\skip44
\footheight=\skip45
Package typearea Info: These are the values describing the layout:
(typearea)             DIV  = 8
(typearea)             BCOR = 0.0pt
(typearea)             \paperwidth      = 597.50793pt
(typearea)              \textwidth      = 373.44246pt
(typearea)              DIV departure   = -4%
(typearea)              \evensidemargin = 39.76274pt
(typearea)              \oddsidemargin  = 39.76274pt
(typearea)             \paperheight     = 845.04694pt
(typearea)              \textheight     = 538.0pt
(typearea)              \topmargin      = 0.36087pt
(typearea)              \headheight     = 15.0pt
(typearea)              \headsep        = 18.0pt
(typearea)              \topskip        = 10.0pt
(typearea)              \footskip       = 42.0pt
(typearea)              \baselineskip   = 12.0pt
(typearea)              on input line 1715.
)
\c@letter=\count81
)
Class scrlttr2 Info: Letter-Class-Option `DIN' loaded on input line 3.

(/usr/local/texlive/2019/texmf-dist/tex/latex/koma-script/DIN.lco
File: DIN.lco 2019/02/01 v3.26b KOMA-Script letter-class-option
)

./resume.cls:9: LaTeX Error: \usepackage before \documentclass.

See the LaTeX manual or LaTeX Companion for explanation.
Type  H <return>  for immediate help.
 ...                                              
                                                  
l.9 \usepackage{
                fontawesome}
? 
./resume.cls:9: Emergency stop.
 ...                                              
                                                  
l.9 \usepackage{
                fontawesome}
\usepackage may only appear in the document preamble, i.e.,
between \documentclass and \begin{document}.

 
Here is how much of TeX's memory you used:
 1404 strings out of 492616
 24119 string characters out of 6129482
 149318 words of memory out of 5000000
 5393 multiletter control sequences out of 15000+600000
 3640 words of font info for 14 fonts, out of 8000000 for 9000
 1141 hyphenation exceptions out of 8191
 41i,1n,46p,251b,47s stack positions out of 5000i,500n,10000p,200000b,80000s
./resume.cls:9:  ==> Fatal error occurred, no output PDF file produced!
