This is pdfTeX, Version 3.14159265-2.6-1.40.20 (TeX Live 2019) (preloaded format=pdflatex 2019.5.8)  14 NOV 2019 15:43
entering extended mode
 restricted \write18 enabled.
 file:line:error style messages enabled.
 %&-line parsing enabled.
**Ava_Hoffman_Resume.tex
(./Ava_Hoffman_Resume.tex
LaTeX2e <2018-12-01>
(/usr/local/texlive/2019/texmf-dist/tex/latex/koma-script/scrlttr2.cls
Document Class: scrlttr2 2019/02/01 v3.26b KOMA-Script document class (letter)
(/usr/local/texlive/2019/texmf-dist/tex/latex/koma-script/scrkbase.sty
Package: scrkbase 2019/02/01 v3.26b KOMA-Script package (KOMA-Script-dependent 
basics and keyval usage)

(/usr/local/texlive/2019/texmf-dist/tex/latex/koma-script/scrbase.sty
Package: scrbase 2019/02/01 v3.26b KOMA-Script package (KOMA-Script-independent
 basics and keyval usage)

(/usr/local/texlive/2019/texmf-dist/tex/latex/graphics/keyval.sty
Package: keyval 2014/10/28 v1.15 key=value parser (DPC)
\KV@toks@=\toks14
)
(/usr/local/texlive/2019/texmf-dist/tex/latex/koma-script/scrlfile.sty
Package: scrlfile 2019/02/01 v3.26b KOMA-Script package (loading files)
)))
Class scrlttr2 Info: File `scrsize10pt.clo' used to setup font sizes on input l
ine 1838.

(/usr/local/texlive/2019/texmf-dist/tex/latex/koma-script/scrsize10pt.clo
File: scrsize10pt.clo 2019/02/01 v3.26b KOMA-Script font size class option (10p
t)
)
(/usr/local/texlive/2019/texmf-dist/tex/latex/koma-script/typearea.sty
Package: typearea 2019/02/01 v3.26b KOMA-Script package (type area)
\ta@bcor=\skip41
\ta@div=\count80
\ta@hblk=\skip42
\ta@vblk=\skip43
\ta@temp=\skip44
\footheight=\skip45
Package typearea Info: These are the values describing the layout:
(typearea)             DIV  = 8
(typearea)             BCOR = 0.0pt
(typearea)             \paperwidth      = 597.50793pt
(typearea)              \textwidth      = 373.44246pt
(typearea)              DIV departure   = -4%
(typearea)              \evensidemargin = 39.76274pt
(typearea)              \oddsidemargin  = 39.76274pt
(typearea)             \paperheight     = 845.04694pt
(typearea)              \textheight     = 538.0pt
(typearea)              \topmargin      = 0.36087pt
(typearea)              \headheight     = 15.0pt
(typearea)              \headsep        = 18.0pt
(typearea)              \topskip        = 10.0pt
(typearea)              \footskip       = 42.0pt
(typearea)              \baselineskip   = 12.0pt
(typearea)              on input line 1715.
)
\c@letter=\count81
)
Class scrlttr2 Info: Letter-Class-Option `DIN' loaded on input line 5.

(/usr/local/texlive/2019/texmf-dist/tex/latex/koma-script/DIN.lco
File: DIN.lco 2019/02/01 v3.26b KOMA-Script letter-class-option
)
(/usr/local/texlive/2019/texmf-dist/tex/latex/fontawesome/fontawesome.sty
Package: fontawesome 2016/05/15 v4.6.3.1 font awesome icons

(/usr/local/texlive/2019/texmf-dist/tex/generic/ifxetex/ifxetex.sty
Package: ifxetex 2010/09/12 v0.6 Provides ifxetex conditional
)
(/usr/local/texlive/2019/texmf-dist/tex/generic/oberdiek/ifluatex.sty
Package: ifluatex 2016/05/16 v1.4 Provides the ifluatex switch (HO)
Package ifluatex Info: LuaTeX not detected.
)
(/usr/local/texlive/2019/texmf-dist/tex/latex/fontawesome/fontawesomesymbols-ge
neric.tex)
(/usr/local/texlive/2019/texmf-dist/tex/latex/fontawesome/fontawesomesymbols-pd
ftex.tex)) (/usr/local/texlive/2019/texmf-dist/tex/latex/chivo/Chivo.sty
Package: Chivo 2016/05/05 v1.0 Support for Chivo fonts (AE)

(/usr/local/texlive/2019/texmf-dist/tex/latex/mweights/mweights.sty
Package: mweights 2017/03/30 (Bob Tennent) Support package for multiple-weight 
font packages. 
LaTeX Info: Redefining \bfseries on input line 22.
LaTeX Info: Redefining \mdseries on input line 30.
LaTeX Info: Redefining \rmfamily on input line 38.
LaTeX Info: Redefining \sffamily on input line 66.
LaTeX Info: Redefining \ttfamily on input line 94.
)
(/usr/local/texlive/2019/texmf-dist/tex/latex/oberdiek/kvoptions.sty
Package: kvoptions 2016/05/16 v3.12 Key value format for package options (HO)

(/usr/local/texlive/2019/texmf-dist/tex/generic/oberdiek/ltxcmds.sty
Package: ltxcmds 2016/05/16 v1.23 LaTeX kernel commands for general use (HO)
)
(/usr/local/texlive/2019/texmf-dist/tex/generic/oberdiek/kvsetkeys.sty
Package: kvsetkeys 2016/05/16 v1.17 Key value parser (HO)

(/usr/local/texlive/2019/texmf-dist/tex/generic/oberdiek/infwarerr.sty
Package: infwarerr 2016/05/16 v1.4 Providing info/warning/error messages (HO)
)
(/usr/local/texlive/2019/texmf-dist/tex/generic/oberdiek/etexcmds.sty
Package: etexcmds 2016/05/16 v1.6 Avoid name clashes with e-TeX commands (HO)
))))
(/usr/local/texlive/2019/texmf-dist/tex/latex/base/fontenc.sty
Package: fontenc 2018/08/11 v2.0j Standard LaTeX package

(/usr/local/texlive/2019/texmf-dist/tex/latex/base/t1enc.def
File: t1enc.def 2018/08/11 v2.0j Standard LaTeX file
LaTeX Font Info:    Redeclaring font encoding T1 on input line 48.
))
(/usr/local/texlive/2019/texmf-dist/tex/latex/geometry/geometry.sty
Package: geometry 2018/04/16 v5.8 Page Geometry

(/usr/local/texlive/2019/texmf-dist/tex/generic/oberdiek/ifpdf.sty
Package: ifpdf 2018/09/07 v3.3 Provides the ifpdf switch
)
(/usr/local/texlive/2019/texmf-dist/tex/generic/oberdiek/ifvtex.sty
Package: ifvtex 2016/05/16 v1.6 Detect VTeX and its facilities (HO)
Package ifvtex Info: VTeX not detected.
)
\Gm@cnth=\count82
\Gm@cntv=\count83
\c@Gm@tempcnt=\count84
\Gm@bindingoffset=\dimen102
\Gm@wd@mp=\dimen103
\Gm@odd@mp=\dimen104
\Gm@even@mp=\dimen105
\Gm@layoutwidth=\dimen106
\Gm@layoutheight=\dimen107
\Gm@layouthoffset=\dimen108
\Gm@layoutvoffset=\dimen109
\Gm@dimlist=\toks15
)
(/usr/local/texlive/2019/texmf-dist/tex/latex/tools/tabularx.sty
Package: tabularx 2016/02/03 v2.11b `tabularx' package (DPC)

(/usr/local/texlive/2019/texmf-dist/tex/latex/tools/array.sty
Package: array 2018/12/30 v2.4k Tabular extension package (FMi)
\col@sep=\dimen110
\ar@mcellbox=\box27
\extrarowheight=\dimen111
\NC@list=\toks16
\extratabsurround=\skip46
\backup@length=\skip47
\ar@cellbox=\box28
)
\TX@col@width=\dimen112
\TX@old@table=\dimen113
\TX@old@col=\dimen114
\TX@target=\dimen115
\TX@delta=\dimen116
\TX@cols=\count85
\TX@ftn=\toks17
)
(./Ava_Hoffman_Resume.aux)
\openout1 = `Ava_Hoffman_Resume.aux'.

LaTeX Font Info:    Checking defaults for OML/cmm/m/it on input line 20.
LaTeX Font Info:    ... okay on input line 20.
LaTeX Font Info:    Checking defaults for T1/cmr/m/n on input line 20.
LaTeX Font Info:    ... okay on input line 20.
LaTeX Font Info:    Checking defaults for OT1/cmr/m/n on input line 20.
LaTeX Font Info:    ... okay on input line 20.
LaTeX Font Info:    Checking defaults for OMS/cmsy/m/n on input line 20.
LaTeX Font Info:    ... okay on input line 20.
LaTeX Font Info:    Checking defaults for OMX/cmex/m/n on input line 20.
LaTeX Font Info:    ... okay on input line 20.
LaTeX Font Info:    Checking defaults for U/cmr/m/n on input line 20.
LaTeX Font Info:    ... okay on input line 20.
LaTeX Font Info:    Try loading font information for T1+Chivo-TLF on input line
 20.

(/usr/local/texlive/2019/texmf-dist/tex/latex/chivo/T1Chivo-TLF.fd
File: T1Chivo-TLF.fd 2016/05/05 (autoinst) Font definitions for T1/Chivo-TLF.
)
LaTeX Font Info:    Font shape `T1/Chivo-TLF/l/n' will be
(Font)              scaled to size 10.0pt on input line 20.
Package scrbase Info: activating english \yourrefname on input line 20.
Package scrbase Info: activating english \yourmailname on input line 20.
Package scrbase Info: activating english \myrefname on input line 20.
Package scrbase Info: activating english \customername on input line 20.
Package scrbase Info: activating english \invoicename on input line 20.
Package scrbase Info: activating english \subjectname on input line 20.
Package scrbase Info: activating english \ccname on input line 20.
Package scrbase Info: activating english \enclname on input line 20.
Package scrbase Info: activating english \headtoname on input line 20.
Package scrbase Info: activating english \headfromname on input line 20.
Package scrbase Info: activating english \datename on input line 20.
Package scrbase Info: activating english \pagename on input line 20.
Package scrbase Info: activating english \phonename on input line 20.
Package scrbase Info: activating english \mobilephonename on input line 20.
Package scrbase Info: activating english \faxname on input line 20.
Package scrbase Info: activating english \emailname on input line 20.
Package scrbase Info: activating english \wwwname on input line 20.
Package scrbase Info: activating english \bankname on input line 20.
Class scrlttr2 Info: no date found for language `american'
(scrlttr2)           --> skipped on input line 20.
Class scrlttr2 Info: no date found for language `australien'
(scrlttr2)           --> skipped on input line 20.
Class scrlttr2 Info: no date found for language `british'
(scrlttr2)           --> skipped on input line 20.
Class scrlttr2 Info: no date found for language `canadian'
(scrlttr2)           --> skipped on input line 20.
Class scrlttr2 Info: no date found for language `newzealand'
(scrlttr2)           --> skipped on input line 20.
Class scrlttr2 Info: no date found for language `UKenglish'
(scrlttr2)           --> skipped on input line 20.
Class scrlttr2 Info: no date found for language `ukenglish'
(scrlttr2)           --> skipped on input line 20.
Class scrlttr2 Info: no date found for language `USenglish'
(scrlttr2)           --> skipped on input line 20.
Class scrlttr2 Info: no date found for language `usenglish'
(scrlttr2)           --> skipped on input line 20.
Class scrlttr2 Info: no date found for language `german'
(scrlttr2)           --> skipped on input line 20.
Class scrlttr2 Info: no date found for language `ngerman'
(scrlttr2)           --> skipped on input line 20.
Class scrlttr2 Info: no date found for language `austrian'
(scrlttr2)           --> skipped on input line 20.
Class scrlttr2 Info: no date found for language `naustrian'
(scrlttr2)           --> skipped on input line 20.
Class scrlttr2 Info: no date found for language `swissgerman'
(scrlttr2)           --> skipped on input line 20.
Class scrlttr2 Info: no date found for language `nswissgerman'
(scrlttr2)           --> skipped on input line 20.
Class scrlttr2 Info: no date found for language `acadian'
(scrlttr2)           --> skipped on input line 20.
Class scrlttr2 Info: no date found for language `canadien'
(scrlttr2)           --> skipped on input line 20.
Class scrlttr2 Info: no date found for language `francais'
(scrlttr2)           --> skipped on input line 20.
Class scrlttr2 Info: no date found for language `french'
(scrlttr2)           --> skipped on input line 20.
Class scrlttr2 Info: no date found for language `italian'
(scrlttr2)           --> skipped on input line 20.
Class scrlttr2 Info: no date found for language `spanish'
(scrlttr2)           --> skipped on input line 20.
Class scrlttr2 Info: no date found for language `croatian'
(scrlttr2)           --> skipped on input line 20.
Class scrlttr2 Info: no date found for language `dutch'
(scrlttr2)           --> skipped on input line 20.
Class scrlttr2 Info: no date found for language `finnish'
(scrlttr2)           --> skipped on input line 20.
Class scrlttr2 Info: no date found for language `norsk'
(scrlttr2)           --> skipped on input line 20.
Class scrlttr2 Info: no date found for language `swedish'
(scrlttr2)           --> skipped on input line 20.
Class scrlttr2 Info: no date found for language `polish'
(scrlttr2)           --> skipped on input line 20.
Class scrlttr2 Info: no date found for language `czech'
(scrlttr2)           --> skipped on input line 20.
Class scrlttr2 Info: no date found for language `slovak'
(scrlttr2)           --> skipped on input line 20.
Class scrlttr2 Info: trying to activate captions and date
(scrlttr2)           of language `english' on input line 20.
Class scrlttr2 Info: used language is `english'.
(scrlttr2)           Supported languages are: `english', `UKenglish',
(scrlttr2)           `ukenglish', `british', `american', `USenglish',
(scrlttr2)           `usenglish', `australian`,`canadian', `newzealand',
(scrlttr2)           `german', `ngerman', `austrian', `naustrian',
(scrlttr2)           `swissgerman', `nswissgermsn',
(scrlttr2)           `acadian', `canadien', `francais', `french', 
(scrlttr2)           `dutch', `italian', `spanish', `polish',
(scrlttr2)           `croatian', `finnish', `norsk', `swedish',
(scrlttr2)           `czech', `slovak' on input line 20.

*geometry* driver: auto-detecting
*geometry* detected driver: pdftex
*geometry* verbose mode - [ preamble ] result:
* driver: pdftex
* paper: letterpaper
* layout: <same size as paper>
* layoutoffset:(h,v)=(0.0pt,0.0pt)
* modes: 
* h-part:(L,W,R)=(14.45377pt, 585.38747pt, 14.45377pt)
* v-part:(T,H,B)=(14.45377pt, 766.06245pt, 14.45377pt)
* \paperwidth=614.295pt
* \paperheight=794.96999pt
* \textwidth=585.38747pt
* \textheight=766.06245pt
* \oddsidemargin=-57.81622pt
* \evensidemargin=-57.81622pt
* \topmargin=-90.81622pt
* \headheight=15.0pt
* \headsep=18.0pt
* \topskip=10.0pt
* \footskip=42.0pt
* \marginparwidth=74.68849pt
* \marginparsep=12.8401pt
* \columnsep=0.0pt
* \skip\footins=9.0pt plus 4.0pt minus 2.0pt
* \hoffset=0.0pt
* \voffset=0.0pt
* \mag=1000
* \@twocolumnfalse
* \@twosidefalse
* \@mparswitchfalse
* \@reversemarginfalse
* (1in=72.27pt=25.4mm, 1cm=28.453pt)

(/usr/local/texlive/2019/texmf-dist/tex/latex/fontawesome/ufontawesometwo.fd)
Overfull \hbox (10.0pt too wide) in paragraph at lines 41--43
[][]
 []


Overfull \hbox (12.0pt too wide) in paragraph at lines 69--69
[]|[]| 
 []

[1

{/usr/local/texlive/2019/texmf-var/fonts/map/pdftex/updmap/pdftex.map}]
(./Ava_Hoffman_Resume.aux)

LaTeX Font Warning: Some font shapes were not available, defaults substituted.

 ) 
Here is how much of TeX's memory you used:
 4282 strings out of 492616
 64833 string characters out of 6129482
 212426 words of memory out of 5000000
 8173 multiletter control sequences out of 15000+600000
 31645 words of font info for 47 fonts, out of 8000000 for 9000
 1141 hyphenation exceptions out of 8191
 44i,23n,46p,364b,394s stack positions out of 5000i,500n,10000p,200000b,80000s
{/usr/local/texlive/2019/texmf-dist/fonts/enc/dvips/chivo/chi_qbau2s.enc}{/us
r/local/texlive/2019/texmf-dist/fonts/enc/dvips/fontawesome/fontawesometwo.enc}
</usr/local/texlive/2019/texmf-dist/fonts/type1/public/chivo/Chivo-Bold.pfb></u
sr/local/texlive/2019/texmf-dist/fonts/type1/public/chivo/Chivo-Light.pfb></usr
/local/texlive/2019/texmf-dist/fonts/type1/public/fontawesome/FontAwesome.pfb><
/usr/local/texlive/2019/texmf-dist/fonts/type1/public/amsfonts/cm/cmsy10.pfb>
Output written on Ava_Hoffman_Resume.pdf (1 page, 51829 bytes).
PDF statistics:
 26 PDF objects out of 1000 (max. 8388607)
 18 compressed objects within 1 object stream
 0 named destinations out of 1000 (max. 500000)
 1 words of extra memory for PDF output out of 10000 (max. 10000000)

